<?xml version="1.0" encoding="UTF-8"?>
<!-- Generated by org.testng.reporters.JUnitReportReporter -->
<testsuite skipped="0" hostname="Shashank-PC" name="com.qa.tests.DemoTest" tests="4" failures="0" timestamp="03 Oct 2019 13:22:20 GMT" time="0.139" errors="0">
  <testcase name="sum" time="0.002" classname="com.qa.tests.DemoTest"/>
  <testcase name="mul" time="0.006" classname="com.qa.tests.DemoTest"/>
  <testcase name="div" time="0.128" classname="com.qa.tests.DemoTest"/>
  <testcase name="sub" time="0.003" classname="com.qa.tests.DemoTest"/>
</testsuite> <!-- com.qa.tests.DemoTest -->
